<?xml version="1.0" encoding="UTF-8"?>
<!-- Generated by org.testng.reporters.JUnitReportReporter -->
<testsuite hostname="LAPTOP-VILED22F" failures="0" tests="1" name="com.crm.autodesk.orgassignmenttest.CreateOrgWithNotifyOwner" time="0.000" errors="0" timestamp="04 Feb 2021 17:59:51 GMT" skipped="1">
  <testcase classname="com.crm.autodesk.orgassignmenttest.CreateOrgWithNotifyOwner" name="createOrgWithNotifyOwnerOptionTest" time="0.000">
    <skipped/>
  </testcase> <!-- createOrgWithNotifyOwnerOptionTest -->
</testsuite> <!-- com.crm.autodesk.orgassignmenttest.CreateOrgWithNotifyOwner -->
