<?xml version="1.0" encoding="UTF-8"?>
<!-- Generated by org.testng.reporters.JUnitReportReporter -->
<testsuite hostname="LAPTOP-VILED22F" failures="0" tests="1" name="com.crm.SelectRow" time="18.635" errors="0" timestamp="24 Jan 2021 21:51:21 GMT" skipped="0">
  <testcase classname="com.crm.SelectRow" name="selectEntireRow" time="18.635"/>
</testsuite> <!-- com.crm.SelectRow -->
